Train BB for CUB
Spurious whole dataset
data_root: /ocean/projects/asc170022p/shg121/PhD/ICLR-2022/data/spurious/waterbird_complete95_forest2water2
json_root: /ocean/projects/asc170022p/shg121/PhD/ICLR-2022/codebase/data_preprocessing
logs: /ocean/projects/asc170022p/shg121/PhD/ICLR-2022/log/spurious-cub-waterbird-landbird-224
checkpoints: /ocean/projects/asc170022p/shg121/PhD/ICLR-2022/checkpoints/spurious-cub-waterbird-landbird-224
output: /ocean/projects/asc170022p/shg121/PhD/ICLR-2022/out/spurious-cub-waterbird-landbird-224
attribute_file_name: attributes_spurious.npy
seed: 0
pretrained: True
dataset: cub
img_size: 224
bs: 16
eval_every: 100
lr: 0.001
momentum: 0.9
weight_decay: 0.0001
epochs: 300
arch: ResNet101
name: VIT_CUBS
pretrained_dir: /ocean/projects/asc170022p/shg121/PhD/ICLR-2022/checkpoints/pretrained_VIT/ViT-B_16.npz
pretrained_model: None
num_steps: 10000
decay_type: cosine
warmup_steps: 500
max_grad_norm: 1.0
local_rank: -1
gradient_accumulation_steps: 4
smoothing_value: 0.0
split: non-overlap
slide_step: 12
concept_names: ['has_bill_shape_dagger', 'has_bill_shape_hooked_seabird', 'has_bill_shape_allpurpose', 'has_bill_shape_cone', 'has_wing_color_brown', 'has_wing_color_grey', 'has_wing_color_yellow', 'has_wing_color_black', 'has_wing_color_white', 'has_wing_color_buff', 'has_upperparts_color_brown', 'has_upperparts_color_grey', 'has_upperparts_color_yellow', 'has_upperparts_color_black', 'has_upperparts_color_white', 'has_upperparts_color_buff', 'has_underparts_color_brown', 'has_underparts_color_grey', 'has_underparts_color_yellow', 'has_underparts_color_black', 'has_underparts_color_white', 'has_underparts_color_buff', 'has_breast_pattern_solid', 'has_breast_pattern_striped', 'has_breast_pattern_multicolored', 'has_back_color_brown', 'has_back_color_grey', 'has_back_color_yellow', 'has_back_color_black', 'has_back_color_white', 'has_back_color_buff', 'has_tail_shape_notched_tail', 'has_upper_tail_color_brown', 'has_upper_tail_color_grey', 'has_upper_tail_color_black', 'has_upper_tail_color_white', 'has_upper_tail_color_buff', 'has_head_pattern_plain', 'has_head_pattern_capped', 'has_breast_color_brown', 'has_breast_color_grey', 'has_breast_color_yellow', 'has_breast_color_black', 'has_breast_color_white', 'has_breast_color_buff', 'has_throat_color_grey', 'has_throat_color_yellow', 'has_throat_color_black', 'has_throat_color_white', 'has_eye_color_black', 'has_bill_length_about_the_same_as_head', 'has_bill_length_shorter_than_head', 'has_forehead_color_blue', 'has_forehead_color_brown', 'has_forehead_color_grey', 'has_forehead_color_yellow', 'has_forehead_color_black', 'has_forehead_color_white', 'has_forehead_color_red', 'has_under_tail_color_brown', 'has_under_tail_color_grey', 'has_under_tail_color_yellow', 'has_under_tail_color_black', 'has_under_tail_color_white', 'has_under_tail_color_buff', 'has_nape_color_blue', 'has_nape_color_brown', 'has_nape_color_grey', 'has_nape_color_yellow', 'has_nape_color_black', 'has_nape_color_white', 'has_nape_color_buff', 'has_belly_color_grey', 'has_belly_color_yellow', 'has_belly_color_black', 'has_belly_color_white', 'has_belly_color_buff', 'has_wing_shape_roundedwings', 'has_size_small_5__9_in', 'has_size_medium_9__16_in', 'has_size_very_small_3__5_in', 'has_shape_perchinglike', 'has_back_pattern_solid', 'has_back_pattern_striped', 'has_back_pattern_multicolored', 'has_tail_pattern_solid', 'has_tail_pattern_multicolored', 'has_belly_pattern_solid', 'has_primary_color_brown', 'has_primary_color_grey', 'has_primary_color_yellow', 'has_primary_color_black', 'has_primary_color_white', 'has_primary_color_buff', 'has_leg_color_grey', 'has_leg_color_black', 'has_leg_color_buff', 'has_bill_color_grey', 'has_bill_color_black', 'has_crown_color_blue', 'has_crown_color_brown', 'has_crown_color_grey', 'has_crown_color_yellow', 'has_crown_color_black', 'has_crown_color_white', 'has_wing_pattern_solid', 'has_wing_pattern_striped', 'has_wing_pattern_multicolored', 'has_ocean', 'has_lake', 'has_bamboo', 'has_forest']
labels: ['0 (Landbird)', '1 (Waterbird)']
spurious_specific_classes: n
spurious_waterbird_landbird: y
###############################################
Device: cuda
Loading dataloader for waterbird-landbird
/ocean/projects/asc170022p/shg121/PhD/ICLR-2022/data/spurious/waterbird_complete95_forest2water2
(11788, 119)
################## TB Log path ###################
/ocean/projects/asc170022p/shg121/PhD/ICLR-2022/log/spurious-cub-waterbird-landbird-224/cub/BB/lr_0.001_epochs_300_ResNet101/Run(arch='ResNet101', dataset='cub', now='2022-08-25-03H-48M-25S')
################## TB Log path ###################

 Old best val accuracy: 0 (%) || New best val accuracy: 85.82151793160968 (%) , and new model saved..


 /ocean/projects/asc170022p/shg121/PhD/ICLR-2022/checkpoints/spurious-cub-waterbird-landbird-224/cub/BB/lr_0.001_epochs_300/ResNet101/g_best_model_epoch_1.pth.tar

Epoch: [1/300] Train_loss: 0.165 Train_Accuracy: 94.1397 (%) Val_loss: 0.3666 Best_Val_Accuracy: 85.8215 (%)  Epoch_Duration: 25.3249

 Old best val accuracy: 85.82151793160968 (%) || New best val accuracy: 88.57381150959132 (%) , and new model saved..


 /ocean/projects/asc170022p/shg121/PhD/ICLR-2022/checkpoints/spurious-cub-waterbird-landbird-224/cub/BB/lr_0.001_epochs_300/ResNet101/g_best_model_epoch_2.pth.tar

Epoch: [2/300] Train_loss: 0.0338 Train_Accuracy: 98.6444 (%) Val_loss: 0.3427 Best_Val_Accuracy: 88.5738 (%)  Epoch_Duration: 24.1236
Epoch: [3/300] Train_loss: 0.0109 Train_Accuracy: 99.4161 (%) Val_loss: 0.3738 Best_Val_Accuracy: 88.5738 (%)  Epoch_Duration: 24.2328
Epoch: [4/300] Train_loss: 0.0059 Train_Accuracy: 99.5829 (%) Val_loss: 0.4196 Best_Val_Accuracy: 88.5738 (%)  Epoch_Duration: 24.4394
Epoch: [5/300] Train_loss: 0.0071 Train_Accuracy: 99.5829 (%) Val_loss: 0.4343 Best_Val_Accuracy: 88.5738 (%)  Epoch_Duration: 24.3249
Epoch: [6/300] Train_loss: 0.0042 Train_Accuracy: 99.708 (%) Val_loss: 0.4778 Best_Val_Accuracy: 88.5738 (%)  Epoch_Duration: 24.3508
Epoch: [7/300] Train_loss: 0.0024 Train_Accuracy: 99.7289 (%) Val_loss: 0.4479 Best_Val_Accuracy: 88.5738 (%)  Epoch_Duration: 24.3602
Epoch: [8/300] Train_loss: 0.0017 Train_Accuracy: 99.7497 (%) Val_loss: 0.4826 Best_Val_Accuracy: 88.5738 (%)  Epoch_Duration: 24.3357
Epoch: [9/300] Train_loss: 0.0012 Train_Accuracy: 99.7706 (%) Val_loss: 0.4791 Best_Val_Accuracy: 88.5738 (%)  Epoch_Duration: 24.4114
Epoch: [10/300] Train_loss: 0.0024 Train_Accuracy: 99.708 (%) Val_loss: 0.4531 Best_Val_Accuracy: 88.5738 (%)  Epoch_Duration: 24.6817

 Old best val accuracy: 88.57381150959132 (%) || New best val accuracy: 88.65721434528774 (%) , and new model saved..


 /ocean/projects/asc170022p/shg121/PhD/ICLR-2022/checkpoints/spurious-cub-waterbird-landbird-224/cub/BB/lr_0.001_epochs_300/ResNet101/g_best_model_epoch_11.pth.tar

Epoch: [11/300] Train_loss: 0.0014 Train_Accuracy: 99.7497 (%) Val_loss: 0.4572 Best_Val_Accuracy: 88.6572 (%)  Epoch_Duration: 24.687
Epoch: [12/300] Train_loss: 0.0017 Train_Accuracy: 99.7497 (%) Val_loss: 0.5745 Best_Val_Accuracy: 88.6572 (%)  Epoch_Duration: 24.5628
Epoch: [13/300] Train_loss: 0.001 Train_Accuracy: 99.7497 (%) Val_loss: 0.4863 Best_Val_Accuracy: 88.6572 (%)  Epoch_Duration: 24.6866
Epoch: [14/300] Train_loss: 0.0013 Train_Accuracy: 99.7497 (%) Val_loss: 0.5142 Best_Val_Accuracy: 88.6572 (%)  Epoch_Duration: 24.5282
Epoch: [15/300] Train_loss: 0.0011 Train_Accuracy: 99.7497 (%) Val_loss: 0.5802 Best_Val_Accuracy: 88.6572 (%)  Epoch_Duration: 24.5966
Epoch: [16/300] Train_loss: 0.0007 Train_Accuracy: 99.7497 (%) Val_loss: 0.5526 Best_Val_Accuracy: 88.6572 (%)  Epoch_Duration: 24.5258
Epoch: [17/300] Train_loss: 0.0005 Train_Accuracy: 99.7706 (%) Val_loss: 0.5345 Best_Val_Accuracy: 88.6572 (%)  Epoch_Duration: 24.549
Epoch: [18/300] Train_loss: 0.0004 Train_Accuracy: 99.7706 (%) Val_loss: 0.5852 Best_Val_Accuracy: 88.6572 (%)  Epoch_Duration: 24.487
Epoch: [19/300] Train_loss: 0.0011 Train_Accuracy: 99.7497 (%) Val_loss: 0.5252 Best_Val_Accuracy: 88.6572 (%)  Epoch_Duration: 24.6233
Epoch: [20/300] Train_loss: 0.0006 Train_Accuracy: 99.7706 (%) Val_loss: 0.5273 Best_Val_Accuracy: 88.6572 (%)  Epoch_Duration: 24.57
Epoch: [21/300] Train_loss: 0.0004 Train_Accuracy: 99.7706 (%) Val_loss: 0.5468 Best_Val_Accuracy: 88.6572 (%)  Epoch_Duration: 24.5152
Epoch: [22/300] Train_loss: 0.0013 Train_Accuracy: 99.7497 (%) Val_loss: 0.5094 Best_Val_Accuracy: 88.6572 (%)  Epoch_Duration: 24.519
Epoch: [23/300] Train_loss: 0.0004 Train_Accuracy: 99.7706 (%) Val_loss: 0.5446 Best_Val_Accuracy: 88.6572 (%)  Epoch_Duration: 24.5557
Epoch: [24/300] Train_loss: 0.0032 Train_Accuracy: 99.6872 (%) Val_loss: 0.6349 Best_Val_Accuracy: 88.6572 (%)  Epoch_Duration: 24.5846
Epoch: [25/300] Train_loss: 0.0022 Train_Accuracy: 99.7289 (%) Val_loss: 0.5829 Best_Val_Accuracy: 88.6572 (%)  Epoch_Duration: 24.6036
Epoch: [26/300] Train_loss: 0.0005 Train_Accuracy: 99.7706 (%) Val_loss: 0.566 Best_Val_Accuracy: 88.6572 (%)  Epoch_Duration: 24.6142

 Old best val accuracy: 88.65721434528774 (%) || New best val accuracy: 88.82402001668058 (%) , and new model saved..


 /ocean/projects/asc170022p/shg121/PhD/ICLR-2022/checkpoints/spurious-cub-waterbird-landbird-224/cub/BB/lr_0.001_epochs_300/ResNet101/g_best_model_epoch_27.pth.tar

Epoch: [27/300] Train_loss: 0.0004 Train_Accuracy: 99.7706 (%) Val_loss: 0.4884 Best_Val_Accuracy: 88.824 (%)  Epoch_Duration: 24.7562
Epoch: [28/300] Train_loss: 0.0003 Train_Accuracy: 99.7706 (%) Val_loss: 0.5152 Best_Val_Accuracy: 88.824 (%)  Epoch_Duration: 24.8562
Epoch: [29/300] Train_loss: 0.0003 Train_Accuracy: 99.7706 (%) Val_loss: 0.5393 Best_Val_Accuracy: 88.824 (%)  Epoch_Duration: 24.8752
Epoch: [30/300] Train_loss: 0.0005 Train_Accuracy: 99.7497 (%) Val_loss: 0.569 Best_Val_Accuracy: 88.824 (%)  Epoch_Duration: 24.9635
Epoch: [31/300] Train_loss: 0.0003 Train_Accuracy: 99.7706 (%) Val_loss: 0.5598 Best_Val_Accuracy: 88.824 (%)  Epoch_Duration: 24.4988
Epoch: [32/300] Train_loss: 0.0003 Train_Accuracy: 99.7706 (%) Val_loss: 0.538 Best_Val_Accuracy: 88.824 (%)  Epoch_Duration: 24.5637
Epoch: [33/300] Train_loss: 0.0003 Train_Accuracy: 99.7706 (%) Val_loss: 0.5396 Best_Val_Accuracy: 88.824 (%)  Epoch_Duration: 24.6845
Epoch: [34/300] Train_loss: 0.0003 Train_Accuracy: 99.7706 (%) Val_loss: 0.5303 Best_Val_Accuracy: 88.824 (%)  Epoch_Duration: 24.5304
Epoch: [35/300] Train_loss: 0.0002 Train_Accuracy: 99.7706 (%) Val_loss: 0.5431 Best_Val_Accuracy: 88.824 (%)  Epoch_Duration: 24.5298
Epoch: [36/300] Train_loss: 0.0002 Train_Accuracy: 99.7706 (%) Val_loss: 0.5294 Best_Val_Accuracy: 88.824 (%)  Epoch_Duration: 24.5989
Epoch: [37/300] Train_loss: 0.0005 Train_Accuracy: 99.7706 (%) Val_loss: 0.524 Best_Val_Accuracy: 88.824 (%)  Epoch_Duration: 24.6075
Epoch: [38/300] Train_loss: 0.0002 Train_Accuracy: 99.7706 (%) Val_loss: 0.5736 Best_Val_Accuracy: 88.824 (%)  Epoch_Duration: 24.5736
Epoch: [39/300] Train_loss: 0.0002 Train_Accuracy: 99.7706 (%) Val_loss: 0.5446 Best_Val_Accuracy: 88.824 (%)  Epoch_Duration: 24.5935
Epoch: [40/300] Train_loss: 0.0005 Train_Accuracy: 99.7706 (%) Val_loss: 0.5859 Best_Val_Accuracy: 88.824 (%)  Epoch_Duration: 24.5676
Epoch: [41/300] Train_loss: 0.0004 Train_Accuracy: 99.7497 (%) Val_loss: 0.5869 Best_Val_Accuracy: 88.824 (%)  Epoch_Duration: 24.5405
Epoch: [42/300] Train_loss: 0.0002 Train_Accuracy: 99.7706 (%) Val_loss: 0.5517 Best_Val_Accuracy: 88.824 (%)  Epoch_Duration: 24.6071
Epoch: [43/300] Train_loss: 0.0002 Train_Accuracy: 99.7706 (%) Val_loss: 0.5511 Best_Val_Accuracy: 88.824 (%)  Epoch_Duration: 24.5016
Epoch: [44/300] Train_loss: 0.0004 Train_Accuracy: 99.7706 (%) Val_loss: 0.5582 Best_Val_Accuracy: 88.824 (%)  Epoch_Duration: 24.595
Epoch: [45/300] Train_loss: 0.0003 Train_Accuracy: 99.7706 (%) Val_loss: 0.5666 Best_Val_Accuracy: 88.824 (%)  Epoch_Duration: 24.5204
Epoch: [46/300] Train_loss: 0.0002 Train_Accuracy: 99.7706 (%) Val_loss: 0.5598 Best_Val_Accuracy: 88.824 (%)  Epoch_Duration: 24.714
Epoch: [47/300] Train_loss: 0.0002 Train_Accuracy: 99.7706 (%) Val_loss: 0.5769 Best_Val_Accuracy: 88.824 (%)  Epoch_Duration: 24.7904
Epoch: [48/300] Train_loss: 0.0002 Train_Accuracy: 99.7706 (%) Val_loss: 0.5353 Best_Val_Accuracy: 88.824 (%)  Epoch_Duration: 26.0781
Epoch: [49/300] Train_loss: 0.0002 Train_Accuracy: 99.7706 (%) Val_loss: 0.5932 Best_Val_Accuracy: 88.824 (%)  Epoch_Duration: 24.4031
Epoch: [50/300] Train_loss: 0.0002 Train_Accuracy: 99.7706 (%) Val_loss: 0.5604 Best_Val_Accuracy: 88.824 (%)  Epoch_Duration: 24.5619
Epoch: [51/300] Train_loss: 0.0002 Train_Accuracy: 99.7706 (%) Val_loss: 0.5355 Best_Val_Accuracy: 88.824 (%)  Epoch_Duration: 24.989
Epoch: [52/300] Train_loss: 0.0001 Train_Accuracy: 99.7706 (%) Val_loss: 0.554 Best_Val_Accuracy: 88.824 (%)  Epoch_Duration: 24.8264
Epoch: [53/300] Train_loss: 0.0011 Train_Accuracy: 99.7497 (%) Val_loss: 0.5696 Best_Val_Accuracy: 88.824 (%)  Epoch_Duration: 24.7704
Epoch: [54/300] Train_loss: 0.0005 Train_Accuracy: 99.7706 (%) Val_loss: 0.5941 Best_Val_Accuracy: 88.824 (%)  Epoch_Duration: 24.5361
Epoch: [55/300] Train_loss: 0.0002 Train_Accuracy: 99.7706 (%) Val_loss: 0.5878 Best_Val_Accuracy: 88.824 (%)  Epoch_Duration: 24.4348
Epoch: [56/300] Train_loss: 0.0002 Train_Accuracy: 99.7706 (%) Val_loss: 0.6327 Best_Val_Accuracy: 88.824 (%)  Epoch_Duration: 24.4958
Epoch: [57/300] Train_loss: 0.0002 Train_Accuracy: 99.7706 (%) Val_loss: 0.6052 Best_Val_Accuracy: 88.824 (%)  Epoch_Duration: 24.5008
Epoch: [58/300] Train_loss: 0.0006 Train_Accuracy: 99.7497 (%) Val_loss: 0.5715 Best_Val_Accuracy: 88.824 (%)  Epoch_Duration: 24.4898
Epoch: [59/300] Train_loss: 0.0003 Train_Accuracy: 99.7706 (%) Val_loss: 0.5741 Best_Val_Accuracy: 88.824 (%)  Epoch_Duration: 24.5234
Epoch: [60/300] Train_loss: 0.0001 Train_Accuracy: 99.7706 (%) Val_loss: 0.5661 Best_Val_Accuracy: 88.824 (%)  Epoch_Duration: 24.4331
Epoch: [61/300] Train_loss: 0.0001 Train_Accuracy: 99.7706 (%) Val_loss: 0.5597 Best_Val_Accuracy: 88.824 (%)  Epoch_Duration: 25.0558
Epoch: [62/300] Train_loss: 0.0002 Train_Accuracy: 99.7706 (%) Val_loss: 0.5457 Best_Val_Accuracy: 88.824 (%)  Epoch_Duration: 24.5724
Epoch: [63/300] Train_loss: 0.0002 Train_Accuracy: 99.7706 (%) Val_loss: 0.5122 Best_Val_Accuracy: 88.824 (%)  Epoch_Duration: 24.8358
Epoch: [64/300] Train_loss: 0.0005 Train_Accuracy: 99.7497 (%) Val_loss: 0.5664 Best_Val_Accuracy: 88.824 (%)  Epoch_Duration: 24.5426
Epoch: [65/300] Train_loss: 0.0003 Train_Accuracy: 99.7706 (%) Val_loss: 0.61 Best_Val_Accuracy: 88.824 (%)  Epoch_Duration: 24.8032
Epoch: [66/300] Train_loss: 0.0002 Train_Accuracy: 99.7706 (%) Val_loss: 0.6242 Best_Val_Accuracy: 88.824 (%)  Epoch_Duration: 24.8642
Epoch: [67/300] Train_loss: 0.0001 Train_Accuracy: 99.7706 (%) Val_loss: 0.5544 Best_Val_Accuracy: 88.824 (%)  Epoch_Duration: 24.8141
Epoch: [68/300] Train_loss: 0.0002 Train_Accuracy: 99.7706 (%) Val_loss: 0.537 Best_Val_Accuracy: 88.824 (%)  Epoch_Duration: 24.7385
Epoch: [69/300] Train_loss: 0.0001 Train_Accuracy: 99.7706 (%) Val_loss: 0.5109 Best_Val_Accuracy: 88.824 (%)  Epoch_Duration: 24.6366
Epoch: [70/300] Train_loss: 0.0002 Train_Accuracy: 99.7706 (%) Val_loss: 0.5707 Best_Val_Accuracy: 88.824 (%)  Epoch_Duration: 24.4558
Epoch: [71/300] Train_loss: 0.0002 Train_Accuracy: 99.7706 (%) Val_loss: 0.5601 Best_Val_Accuracy: 88.824 (%)  Epoch_Duration: 24.4351
Epoch: [72/300] Train_loss: 0.0001 Train_Accuracy: 99.7706 (%) Val_loss: 0.6121 Best_Val_Accuracy: 88.824 (%)  Epoch_Duration: 24.4573
Epoch: [73/300] Train_loss: 0.0002 Train_Accuracy: 99.7706 (%) Val_loss: 0.5361 Best_Val_Accuracy: 88.824 (%)  Epoch_Duration: 25.5939
Epoch: [74/300] Train_loss: 0.0003 Train_Accuracy: 99.7706 (%) Val_loss: 0.5762 Best_Val_Accuracy: 88.824 (%)  Epoch_Duration: 24.8868
Epoch: [75/300] Train_loss: 0.0002 Train_Accuracy: 99.7706 (%) Val_loss: 0.5921 Best_Val_Accuracy: 88.824 (%)  Epoch_Duration: 24.8753
Epoch: [76/300] Train_loss: 0.0003 Train_Accuracy: 99.7706 (%) Val_loss: 0.5559 Best_Val_Accuracy: 88.824 (%)  Epoch_Duration: 24.8885
Epoch: [77/300] Train_loss: 0.0002 Train_Accuracy: 99.7706 (%) Val_loss: 0.5919 Best_Val_Accuracy: 88.824 (%)  Epoch_Duration: 24.5168
Epoch: [78/300] Train_loss: 0.0003 Train_Accuracy: 99.7706 (%) Val_loss: 0.5751 Best_Val_Accuracy: 88.824 (%)  Epoch_Duration: 24.9994
Epoch: [79/300] Train_loss: 0.0003 Train_Accuracy: 99.7706 (%) Val_loss: 0.5825 Best_Val_Accuracy: 88.824 (%)  Epoch_Duration: 24.4481
Epoch: [80/300] Train_loss: 0.0003 Train_Accuracy: 99.7706 (%) Val_loss: 0.5974 Best_Val_Accuracy: 88.824 (%)  Epoch_Duration: 24.5471
Epoch: [81/300] Train_loss: 0.0002 Train_Accuracy: 99.7706 (%) Val_loss: 0.5481 Best_Val_Accuracy: 88.824 (%)  Epoch_Duration: 24.5503
Epoch: [82/300] Train_loss: 0.0002 Train_Accuracy: 99.7706 (%) Val_loss: 0.5268 Best_Val_Accuracy: 88.824 (%)  Epoch_Duration: 24.6049
Epoch: [83/300] Train_loss: 0.0002 Train_Accuracy: 99.7706 (%) Val_loss: 0.5774 Best_Val_Accuracy: 88.824 (%)  Epoch_Duration: 24.5803
Epoch: [84/300] Train_loss: 0.001 Train_Accuracy: 99.708 (%) Val_loss: 0.5547 Best_Val_Accuracy: 88.824 (%)  Epoch_Duration: 24.5422
Epoch: [85/300] Train_loss: 0.0002 Train_Accuracy: 99.7706 (%) Val_loss: 0.5932 Best_Val_Accuracy: 88.824 (%)  Epoch_Duration: 24.8156
Epoch: [86/300] Train_loss: 0.0002 Train_Accuracy: 99.7706 (%) Val_loss: 0.5365 Best_Val_Accuracy: 88.824 (%)  Epoch_Duration: 24.5498
Epoch: [87/300] Train_loss: 0.0003 Train_Accuracy: 99.7706 (%) Val_loss: 0.5439 Best_Val_Accuracy: 88.824 (%)  Epoch_Duration: 24.5226

 Old best val accuracy: 88.82402001668058 (%) || New best val accuracy: 88.90742285237698 (%) , and new model saved..


 /ocean/projects/asc170022p/shg121/PhD/ICLR-2022/checkpoints/spurious-cub-waterbird-landbird-224/cub/BB/lr_0.001_epochs_300/ResNet101/g_best_model_epoch_88.pth.tar

Epoch: [88/300] Train_loss: 0.0002 Train_Accuracy: 99.7706 (%) Val_loss: 0.5227 Best_Val_Accuracy: 88.9074 (%)  Epoch_Duration: 24.6298
Epoch: [89/300] Train_loss: 0.0002 Train_Accuracy: 99.7706 (%) Val_loss: 0.5736 Best_Val_Accuracy: 88.9074 (%)  Epoch_Duration: 24.881
Epoch: [90/300] Train_loss: 0.0001 Train_Accuracy: 99.7706 (%) Val_loss: 0.5614 Best_Val_Accuracy: 88.9074 (%)  Epoch_Duration: 24.5429
Epoch: [91/300] Train_loss: 0.0002 Train_Accuracy: 99.7706 (%) Val_loss: 0.5651 Best_Val_Accuracy: 88.9074 (%)  Epoch_Duration: 24.5929
Epoch: [92/300] Train_loss: 0.0002 Train_Accuracy: 99.7706 (%) Val_loss: 0.6075 Best_Val_Accuracy: 88.9074 (%)  Epoch_Duration: 24.6095
Epoch: [93/300] Train_loss: 0.0001 Train_Accuracy: 99.7706 (%) Val_loss: 0.5287 Best_Val_Accuracy: 88.9074 (%)  Epoch_Duration: 24.5472
Epoch: [94/300] Train_loss: 0.0003 Train_Accuracy: 99.7706 (%) Val_loss: 0.5868 Best_Val_Accuracy: 88.9074 (%)  Epoch_Duration: 24.5868
Epoch: [95/300] Train_loss: 0.0002 Train_Accuracy: 99.7706 (%) Val_loss: 0.5508 Best_Val_Accuracy: 88.9074 (%)  Epoch_Duration: 24.8518
Epoch: [96/300] Train_loss: 0.0001 Train_Accuracy: 99.7706 (%) Val_loss: 0.5806 Best_Val_Accuracy: 88.9074 (%)  Epoch_Duration: 24.8347
Epoch: [97/300] Train_loss: 0.0002 Train_Accuracy: 99.7706 (%) Val_loss: 0.5788 Best_Val_Accuracy: 88.9074 (%)  Epoch_Duration: 24.8817
Epoch: [98/300] Train_loss: 0.0003 Train_Accuracy: 99.7706 (%) Val_loss: 0.5905 Best_Val_Accuracy: 88.9074 (%)  Epoch_Duration: 24.6218

 Old best val accuracy: 88.90742285237698 (%) || New best val accuracy: 88.9908256880734 (%) , and new model saved..


 /ocean/projects/asc170022p/shg121/PhD/ICLR-2022/checkpoints/spurious-cub-waterbird-landbird-224/cub/BB/lr_0.001_epochs_300/ResNet101/g_best_model_epoch_99.pth.tar

Epoch: [99/300] Train_loss: 0.0002 Train_Accuracy: 99.7706 (%) Val_loss: 0.5399 Best_Val_Accuracy: 88.9908 (%)  Epoch_Duration: 24.599
Epoch: [100/300] Train_loss: 0.0002 Train_Accuracy: 99.7706 (%) Val_loss: 0.641 Best_Val_Accuracy: 88.9908 (%)  Epoch_Duration: 24.7693
Epoch: [101/300] Train_loss: 0.0002 Train_Accuracy: 99.7706 (%) Val_loss: 0.5614 Best_Val_Accuracy: 88.9908 (%)  Epoch_Duration: 24.7255
Epoch: [102/300] Train_loss: 0.0001 Train_Accuracy: 99.7706 (%) Val_loss: 0.5613 Best_Val_Accuracy: 88.9908 (%)  Epoch_Duration: 24.9505
Epoch: [103/300] Train_loss: 0.0002 Train_Accuracy: 99.7706 (%) Val_loss: 0.5703 Best_Val_Accuracy: 88.9908 (%)  Epoch_Duration: 27.2818
Epoch: [104/300] Train_loss: 0.0002 Train_Accuracy: 99.7706 (%) Val_loss: 0.5738 Best_Val_Accuracy: 88.9908 (%)  Epoch_Duration: 24.8001
Epoch: [105/300] Train_loss: 0.0002 Train_Accuracy: 99.7706 (%) Val_loss: 0.5867 Best_Val_Accuracy: 88.9908 (%)  Epoch_Duration: 24.7238
Epoch: [106/300] Train_loss: 0.0002 Train_Accuracy: 99.7706 (%) Val_loss: 0.5583 Best_Val_Accuracy: 88.9908 (%)  Epoch_Duration: 24.6589
Epoch: [107/300] Train_loss: 0.0001 Train_Accuracy: 99.7706 (%) Val_loss: 0.5211 Best_Val_Accuracy: 88.9908 (%)  Epoch_Duration: 24.7293
Epoch: [108/300] Train_loss: 0.0002 Train_Accuracy: 99.7706 (%) Val_loss: 0.572 Best_Val_Accuracy: 88.9908 (%)  Epoch_Duration: 24.5003
Epoch: [109/300] Train_loss: 0.0002 Train_Accuracy: 99.7706 (%) Val_loss: 0.6196 Best_Val_Accuracy: 88.9908 (%)  Epoch_Duration: 24.5758
Epoch: [110/300] Train_loss: 0.0002 Train_Accuracy: 99.7706 (%) Val_loss: 0.5727 Best_Val_Accuracy: 88.9908 (%)  Epoch_Duration: 24.5188
Epoch: [111/300] Train_loss: 0.0002 Train_Accuracy: 99.7706 (%) Val_loss: 0.5567 Best_Val_Accuracy: 88.9908 (%)  Epoch_Duration: 24.4121
Epoch: [112/300] Train_loss: 0.0001 Train_Accuracy: 99.7706 (%) Val_loss: 0.5565 Best_Val_Accuracy: 88.9908 (%)  Epoch_Duration: 24.5406
Epoch: [113/300] Train_loss: 0.0002 Train_Accuracy: 99.7706 (%) Val_loss: 0.5608 Best_Val_Accuracy: 88.9908 (%)  Epoch_Duration: 24.8118
Epoch: [114/300] Train_loss: 0.0002 Train_Accuracy: 99.7706 (%) Val_loss: 0.5567 Best_Val_Accuracy: 88.9908 (%)  Epoch_Duration: 24.7165
Epoch: [115/300] Train_loss: 0.0002 Train_Accuracy: 99.7706 (%) Val_loss: 0.5294 Best_Val_Accuracy: 88.9908 (%)  Epoch_Duration: 24.5819
Epoch: [116/300] Train_loss: 0.0002 Train_Accuracy: 99.7706 (%) Val_loss: 0.5937 Best_Val_Accuracy: 88.9908 (%)  Epoch_Duration: 24.7803
Epoch: [117/300] Train_loss: 0.0001 Train_Accuracy: 99.7706 (%) Val_loss: 0.602 Best_Val_Accuracy: 88.9908 (%)  Epoch_Duration: 24.558
Epoch: [118/300] Train_loss: 0.0005 Train_Accuracy: 99.7706 (%) Val_loss: 0.5886 Best_Val_Accuracy: 88.9908 (%)  Epoch_Duration: 24.4444
Epoch: [119/300] Train_loss: 0.0002 Train_Accuracy: 99.7706 (%) Val_loss: 0.6087 Best_Val_Accuracy: 88.9908 (%)  Epoch_Duration: 24.4694
Epoch: [120/300] Train_loss: 0.0002 Train_Accuracy: 99.7706 (%) Val_loss: 0.5243 Best_Val_Accuracy: 88.9908 (%)  Epoch_Duration: 25.1255
Epoch: [121/300] Train_loss: 0.0002 Train_Accuracy: 99.7706 (%) Val_loss: 0.5796 Best_Val_Accuracy: 88.9908 (%)  Epoch_Duration: 24.7744
Epoch: [122/300] Train_loss: 0.0002 Train_Accuracy: 99.7706 (%) Val_loss: 0.5846 Best_Val_Accuracy: 88.9908 (%)  Epoch_Duration: 24.6742
Epoch: [123/300] Train_loss: 0.0003 Train_Accuracy: 99.7706 (%) Val_loss: 0.5281 Best_Val_Accuracy: 88.9908 (%)  Epoch_Duration: 24.7527
Epoch: [124/300] Train_loss: 0.0005 Train_Accuracy: 99.7497 (%) Val_loss: 0.5525 Best_Val_Accuracy: 88.9908 (%)  Epoch_Duration: 24.7033
Epoch: [125/300] Train_loss: 0.0002 Train_Accuracy: 99.7706 (%) Val_loss: 0.6172 Best_Val_Accuracy: 88.9908 (%)  Epoch_Duration: 24.442
Epoch: [126/300] Train_loss: 0.0001 Train_Accuracy: 99.7706 (%) Val_loss: 0.545 Best_Val_Accuracy: 88.9908 (%)  Epoch_Duration: 24.7021
Epoch: [127/300] Train_loss: 0.0003 Train_Accuracy: 99.7706 (%) Val_loss: 0.5579 Best_Val_Accuracy: 88.9908 (%)  Epoch_Duration: 24.3837
Epoch: [128/300] Train_loss: 0.0002 Train_Accuracy: 99.7706 (%) Val_loss: 0.5632 Best_Val_Accuracy: 88.9908 (%)  Epoch_Duration: 24.7707
Epoch: [129/300] Train_loss: 0.0001 Train_Accuracy: 99.7706 (%) Val_loss: 0.5586 Best_Val_Accuracy: 88.9908 (%)  Epoch_Duration: 24.8191
Epoch: [130/300] Train_loss: 0.0002 Train_Accuracy: 99.7706 (%) Val_loss: 0.5898 Best_Val_Accuracy: 88.9908 (%)  Epoch_Duration: 24.8258
Epoch: [131/300] Train_loss: 0.0002 Train_Accuracy: 99.7706 (%) Val_loss: 0.5601 Best_Val_Accuracy: 88.9908 (%)  Epoch_Duration: 24.5461
Epoch: [132/300] Train_loss: 0.0004 Train_Accuracy: 99.7706 (%) Val_loss: 0.571 Best_Val_Accuracy: 88.9908 (%)  Epoch_Duration: 24.7283
Epoch: [133/300] Train_loss: 0.0003 Train_Accuracy: 99.7706 (%) Val_loss: 0.5706 Best_Val_Accuracy: 88.9908 (%)  Epoch_Duration: 24.7303
Epoch: [134/300] Train_loss: 0.0002 Train_Accuracy: 99.7706 (%) Val_loss: 0.6072 Best_Val_Accuracy: 88.9908 (%)  Epoch_Duration: 24.7052
Epoch: [135/300] Train_loss: 0.0002 Train_Accuracy: 99.7706 (%) Val_loss: 0.5476 Best_Val_Accuracy: 88.9908 (%)  Epoch_Duration: 24.5347
Epoch: [136/300] Train_loss: 0.0003 Train_Accuracy: 99.7706 (%) Val_loss: 0.5654 Best_Val_Accuracy: 88.9908 (%)  Epoch_Duration: 24.5272
Epoch: [137/300] Train_loss: 0.0002 Train_Accuracy: 99.7706 (%) Val_loss: 0.5371 Best_Val_Accuracy: 88.9908 (%)  Epoch_Duration: 24.5179
Epoch: [138/300] Train_loss: 0.0002 Train_Accuracy: 99.7706 (%) Val_loss: 0.5919 Best_Val_Accuracy: 88.9908 (%)  Epoch_Duration: 24.5105
Epoch: [139/300] Train_loss: 0.0001 Train_Accuracy: 99.7706 (%) Val_loss: 0.5685 Best_Val_Accuracy: 88.9908 (%)  Epoch_Duration: 24.4753
Epoch: [140/300] Train_loss: 0.0006 Train_Accuracy: 99.7706 (%) Val_loss: 0.5669 Best_Val_Accuracy: 88.9908 (%)  Epoch_Duration: 24.5324
Epoch: [141/300] Train_loss: 0.0001 Train_Accuracy: 99.7706 (%) Val_loss: 0.6278 Best_Val_Accuracy: 88.9908 (%)  Epoch_Duration: 24.5437
Epoch: [142/300] Train_loss: 0.0002 Train_Accuracy: 99.7706 (%) Val_loss: 0.5374 Best_Val_Accuracy: 88.9908 (%)  Epoch_Duration: 24.6781
Epoch: [143/300] Train_loss: 0.0002 Train_Accuracy: 99.7706 (%) Val_loss: 0.6078 Best_Val_Accuracy: 88.9908 (%)  Epoch_Duration: 24.9524
Epoch: [144/300] Train_loss: 0.0002 Train_Accuracy: 99.7706 (%) Val_loss: 0.5608 Best_Val_Accuracy: 88.9908 (%)  Epoch_Duration: 24.7912
Epoch: [145/300] Train_loss: 0.0002 Train_Accuracy: 99.7706 (%) Val_loss: 0.5752 Best_Val_Accuracy: 88.9908 (%)  Epoch_Duration: 24.7165
Epoch: [146/300] Train_loss: 0.0002 Train_Accuracy: 99.7706 (%) Val_loss: 0.5452 Best_Val_Accuracy: 88.9908 (%)  Epoch_Duration: 24.707
Epoch: [147/300] Train_loss: 0.0002 Train_Accuracy: 99.7706 (%) Val_loss: 0.5694 Best_Val_Accuracy: 88.9908 (%)  Epoch_Duration: 24.8292
Epoch: [148/300] Train_loss: 0.0001 Train_Accuracy: 99.7706 (%) Val_loss: 0.579 Best_Val_Accuracy: 88.9908 (%)  Epoch_Duration: 24.9187
Epoch: [149/300] Train_loss: 0.0002 Train_Accuracy: 99.7706 (%) Val_loss: 0.5747 Best_Val_Accuracy: 88.9908 (%)  Epoch_Duration: 24.4912
Epoch: [150/300] Train_loss: 0.0002 Train_Accuracy: 99.7706 (%) Val_loss: 0.5627 Best_Val_Accuracy: 88.9908 (%)  Epoch_Duration: 24.7112
Epoch: [151/300] Train_loss: 0.0002 Train_Accuracy: 99.7706 (%) Val_loss: 0.559 Best_Val_Accuracy: 88.9908 (%)  Epoch_Duration: 24.7266
Epoch: [152/300] Train_loss: 0.0002 Train_Accuracy: 99.7706 (%) Val_loss: 0.5408 Best_Val_Accuracy: 88.9908 (%)  Epoch_Duration: 24.8453
Epoch: [153/300] Train_loss: 0.0002 Train_Accuracy: 99.7706 (%) Val_loss: 0.5873 Best_Val_Accuracy: 88.9908 (%)  Epoch_Duration: 24.8444
Epoch: [154/300] Train_loss: 0.0002 Train_Accuracy: 99.7706 (%) Val_loss: 0.578 Best_Val_Accuracy: 88.9908 (%)  Epoch_Duration: 24.7496
Epoch: [155/300] Train_loss: 0.0001 Train_Accuracy: 99.7706 (%) Val_loss: 0.5498 Best_Val_Accuracy: 88.9908 (%)  Epoch_Duration: 24.7046
Epoch: [156/300] Train_loss: 0.0002 Train_Accuracy: 99.7706 (%) Val_loss: 0.5651 Best_Val_Accuracy: 88.9908 (%)  Epoch_Duration: 24.8602
Epoch: [157/300] Train_loss: 0.0003 Train_Accuracy: 99.7706 (%) Val_loss: 0.5356 Best_Val_Accuracy: 88.9908 (%)  Epoch_Duration: 24.7063
Epoch: [158/300] Train_loss: 0.0002 Train_Accuracy: 99.7706 (%) Val_loss: 0.547 Best_Val_Accuracy: 88.9908 (%)  Epoch_Duration: 25.0805
Epoch: [159/300] Train_loss: 0.0001 Train_Accuracy: 99.7706 (%) Val_loss: 0.5881 Best_Val_Accuracy: 88.9908 (%)  Epoch_Duration: 24.4454
Epoch: [160/300] Train_loss: 0.0002 Train_Accuracy: 99.7706 (%) Val_loss: 0.5479 Best_Val_Accuracy: 88.9908 (%)  Epoch_Duration: 24.6221
Epoch: [161/300] Train_loss: 0.0002 Train_Accuracy: 99.7706 (%) Val_loss: 0.5452 Best_Val_Accuracy: 88.9908 (%)  Epoch_Duration: 24.4497
Epoch: [162/300] Train_loss: 0.0002 Train_Accuracy: 99.7706 (%) Val_loss: 0.5583 Best_Val_Accuracy: 88.9908 (%)  Epoch_Duration: 24.5882
Epoch: [163/300] Train_loss: 0.0002 Train_Accuracy: 99.7706 (%) Val_loss: 0.5301 Best_Val_Accuracy: 88.9908 (%)  Epoch_Duration: 24.4756
Epoch: [164/300] Train_loss: 0.0001 Train_Accuracy: 99.7706 (%) Val_loss: 0.5515 Best_Val_Accuracy: 88.9908 (%)  Epoch_Duration: 24.6658
Epoch: [165/300] Train_loss: 0.0006 Train_Accuracy: 99.7497 (%) Val_loss: 0.5697 Best_Val_Accuracy: 88.9908 (%)  Epoch_Duration: 24.6188
Epoch: [166/300] Train_loss: 0.0002 Train_Accuracy: 99.7706 (%) Val_loss: 0.5322 Best_Val_Accuracy: 88.9908 (%)  Epoch_Duration: 24.6787
Epoch: [167/300] Train_loss: 0.0003 Train_Accuracy: 99.7706 (%) Val_loss: 0.6108 Best_Val_Accuracy: 88.9908 (%)  Epoch_Duration: 24.5198
Epoch: [168/300] Train_loss: 0.0001 Train_Accuracy: 99.7706 (%) Val_loss: 0.6101 Best_Val_Accuracy: 88.9908 (%)  Epoch_Duration: 24.5069
Epoch: [169/300] Train_loss: 0.0002 Train_Accuracy: 99.7706 (%) Val_loss: 0.5532 Best_Val_Accuracy: 88.9908 (%)  Epoch_Duration: 24.7212
Epoch: [170/300] Train_loss: 0.0003 Train_Accuracy: 99.7706 (%) Val_loss: 0.5364 Best_Val_Accuracy: 88.9908 (%)  Epoch_Duration: 24.5422
Epoch: [171/300] Train_loss: 0.0002 Train_Accuracy: 99.7706 (%) Val_loss: 0.5293 Best_Val_Accuracy: 88.9908 (%)  Epoch_Duration: 24.8327
Epoch: [172/300] Train_loss: 0.0002 Train_Accuracy: 99.7706 (%) Val_loss: 0.5729 Best_Val_Accuracy: 88.9908 (%)  Epoch_Duration: 24.4724
Epoch: [173/300] Train_loss: 0.0007 Train_Accuracy: 99.7497 (%) Val_loss: 0.5839 Best_Val_Accuracy: 88.9908 (%)  Epoch_Duration: 25.0487
Epoch: [174/300] Train_loss: 0.0001 Train_Accuracy: 99.7706 (%) Val_loss: 0.5353 Best_Val_Accuracy: 88.9908 (%)  Epoch_Duration: 24.7926
Epoch: [175/300] Train_loss: 0.0001 Train_Accuracy: 99.7706 (%) Val_loss: 0.5571 Best_Val_Accuracy: 88.9908 (%)  Epoch_Duration: 24.8201
Epoch: [176/300] Train_loss: 0.0001 Train_Accuracy: 99.7706 (%) Val_loss: 0.6102 Best_Val_Accuracy: 88.9908 (%)  Epoch_Duration: 24.7865
Epoch: [177/300] Train_loss: 0.0003 Train_Accuracy: 99.7706 (%) Val_loss: 0.5744 Best_Val_Accuracy: 88.9908 (%)  Epoch_Duration: 24.8381
Epoch: [178/300] Train_loss: 0.0003 Train_Accuracy: 99.7706 (%) Val_loss: 0.538 Best_Val_Accuracy: 88.9908 (%)  Epoch_Duration: 24.4941
Epoch: [179/300] Train_loss: 0.0002 Train_Accuracy: 99.7706 (%) Val_loss: 0.5528 Best_Val_Accuracy: 88.9908 (%)  Epoch_Duration: 24.8118
Epoch: [180/300] Train_loss: 0.0002 Train_Accuracy: 99.7706 (%) Val_loss: 0.5861 Best_Val_Accuracy: 88.9908 (%)  Epoch_Duration: 24.579
Epoch: [181/300] Train_loss: 0.0002 Train_Accuracy: 99.7706 (%) Val_loss: 0.5722 Best_Val_Accuracy: 88.9908 (%)  Epoch_Duration: 24.4782
Epoch: [182/300] Train_loss: 0.0002 Train_Accuracy: 99.7706 (%) Val_loss: 0.6021 Best_Val_Accuracy: 88.9908 (%)  Epoch_Duration: 24.6678
Epoch: [183/300] Train_loss: 0.0015 Train_Accuracy: 99.708 (%) Val_loss: 0.562 Best_Val_Accuracy: 88.9908 (%)  Epoch_Duration: 24.9191
Epoch: [184/300] Train_loss: 0.0002 Train_Accuracy: 99.7706 (%) Val_loss: 0.6187 Best_Val_Accuracy: 88.9908 (%)  Epoch_Duration: 24.8459
Epoch: [185/300] Train_loss: 0.0002 Train_Accuracy: 99.7706 (%) Val_loss: 0.5346 Best_Val_Accuracy: 88.9908 (%)  Epoch_Duration: 24.9118
Epoch: [186/300] Train_loss: 0.0002 Train_Accuracy: 99.7706 (%) Val_loss: 0.5359 Best_Val_Accuracy: 88.9908 (%)  Epoch_Duration: 24.8332
Epoch: [187/300] Train_loss: 0.0002 Train_Accuracy: 99.7706 (%) Val_loss: 0.5346 Best_Val_Accuracy: 88.9908 (%)  Epoch_Duration: 24.8736
Epoch: [188/300] Train_loss: 0.0002 Train_Accuracy: 99.7706 (%) Val_loss: 0.5232 Best_Val_Accuracy: 88.9908 (%)  Epoch_Duration: 24.735
Epoch: [189/300] Train_loss: 0.0003 Train_Accuracy: 99.7706 (%) Val_loss: 0.5638 Best_Val_Accuracy: 88.9908 (%)  Epoch_Duration: 24.8061
Epoch: [190/300] Train_loss: 0.0002 Train_Accuracy: 99.7706 (%) Val_loss: 0.5619 Best_Val_Accuracy: 88.9908 (%)  Epoch_Duration: 24.5449
Epoch: [191/300] Train_loss: 0.0001 Train_Accuracy: 99.7706 (%) Val_loss: 0.5869 Best_Val_Accuracy: 88.9908 (%)  Epoch_Duration: 24.5499
Epoch: [192/300] Train_loss: 0.0001 Train_Accuracy: 99.7706 (%) Val_loss: 0.5499 Best_Val_Accuracy: 88.9908 (%)  Epoch_Duration: 24.5824
Epoch: [193/300] Train_loss: 0.0002 Train_Accuracy: 99.7706 (%) Val_loss: 0.5794 Best_Val_Accuracy: 88.9908 (%)  Epoch_Duration: 24.5854
Epoch: [194/300] Train_loss: 0.0011 Train_Accuracy: 99.7497 (%) Val_loss: 0.5574 Best_Val_Accuracy: 88.9908 (%)  Epoch_Duration: 24.8349
Epoch: [195/300] Train_loss: 0.0002 Train_Accuracy: 99.7706 (%) Val_loss: 0.5541 Best_Val_Accuracy: 88.9908 (%)  Epoch_Duration: 24.5743
Epoch: [196/300] Train_loss: 0.0002 Train_Accuracy: 99.7706 (%) Val_loss: 0.5382 Best_Val_Accuracy: 88.9908 (%)  Epoch_Duration: 24.8812
Epoch: [197/300] Train_loss: 0.0004 Train_Accuracy: 99.7706 (%) Val_loss: 0.5286 Best_Val_Accuracy: 88.9908 (%)  Epoch_Duration: 24.8564
Epoch: [198/300] Train_loss: 0.0002 Train_Accuracy: 99.7706 (%) Val_loss: 0.5568 Best_Val_Accuracy: 88.9908 (%)  Epoch_Duration: 24.7047
Epoch: [199/300] Train_loss: 0.0001 Train_Accuracy: 99.7706 (%) Val_loss: 0.5889 Best_Val_Accuracy: 88.9908 (%)  Epoch_Duration: 28.8049
Epoch: [200/300] Train_loss: 0.0004 Train_Accuracy: 99.7706 (%) Val_loss: 0.5743 Best_Val_Accuracy: 88.9908 (%)  Epoch_Duration: 24.7953
Epoch: [201/300] Train_loss: 0.0003 Train_Accuracy: 99.7706 (%) Val_loss: 0.5395 Best_Val_Accuracy: 88.9908 (%)  Epoch_Duration: 24.3709
Epoch: [202/300] Train_loss: 0.0002 Train_Accuracy: 99.7706 (%) Val_loss: 0.5234 Best_Val_Accuracy: 88.9908 (%)  Epoch_Duration: 24.451
Epoch: [203/300] Train_loss: 0.0001 Train_Accuracy: 99.7706 (%) Val_loss: 0.5753 Best_Val_Accuracy: 88.9908 (%)  Epoch_Duration: 25.0774
Epoch: [204/300] Train_loss: 0.0003 Train_Accuracy: 99.7497 (%) Val_loss: 0.5797 Best_Val_Accuracy: 88.9908 (%)  Epoch_Duration: 24.9876
Epoch: [205/300] Train_loss: 0.0003 Train_Accuracy: 99.7706 (%) Val_loss: 0.5658 Best_Val_Accuracy: 88.9908 (%)  Epoch_Duration: 24.5888
Epoch: [206/300] Train_loss: 0.0002 Train_Accuracy: 99.7706 (%) Val_loss: 0.5583 Best_Val_Accuracy: 88.9908 (%)  Epoch_Duration: 24.9374
Epoch: [207/300] Train_loss: 0.0002 Train_Accuracy: 99.7706 (%) Val_loss: 0.5841 Best_Val_Accuracy: 88.9908 (%)  Epoch_Duration: 24.4136
Epoch: [208/300] Train_loss: 0.0002 Train_Accuracy: 99.7706 (%) Val_loss: 0.5747 Best_Val_Accuracy: 88.9908 (%)  Epoch_Duration: 24.4594
Epoch: [209/300] Train_loss: 0.0003 Train_Accuracy: 99.7706 (%) Val_loss: 0.5849 Best_Val_Accuracy: 88.9908 (%)  Epoch_Duration: 24.5089
Epoch: [210/300] Train_loss: 0.0002 Train_Accuracy: 99.7706 (%) Val_loss: 0.581 Best_Val_Accuracy: 88.9908 (%)  Epoch_Duration: 24.907
Epoch: [211/300] Train_loss: 0.0002 Train_Accuracy: 99.7706 (%) Val_loss: 0.5668 Best_Val_Accuracy: 88.9908 (%)  Epoch_Duration: 24.7914
Epoch: [212/300] Train_loss: 0.0002 Train_Accuracy: 99.7706 (%) Val_loss: 0.5464 Best_Val_Accuracy: 88.9908 (%)  Epoch_Duration: 24.5334
Epoch: [213/300] Train_loss: 0.0002 Train_Accuracy: 99.7706 (%) Val_loss: 0.5678 Best_Val_Accuracy: 88.9908 (%)  Epoch_Duration: 24.6219
Epoch: [214/300] Train_loss: 0.0009 Train_Accuracy: 99.7289 (%) Val_loss: 0.5674 Best_Val_Accuracy: 88.9908 (%)  Epoch_Duration: 24.8472
Epoch: [215/300] Train_loss: 0.0002 Train_Accuracy: 99.7706 (%) Val_loss: 0.5296 Best_Val_Accuracy: 88.9908 (%)  Epoch_Duration: 24.4809
Epoch: [216/300] Train_loss: 0.0001 Train_Accuracy: 99.7706 (%) Val_loss: 0.6055 Best_Val_Accuracy: 88.9908 (%)  Epoch_Duration: 24.4689
Epoch: [217/300] Train_loss: 0.0003 Train_Accuracy: 99.7706 (%) Val_loss: 0.5982 Best_Val_Accuracy: 88.9908 (%)  Epoch_Duration: 24.7429
Epoch: [218/300] Train_loss: 0.0002 Train_Accuracy: 99.7706 (%) Val_loss: 0.5427 Best_Val_Accuracy: 88.9908 (%)  Epoch_Duration: 24.5565
Epoch: [219/300] Train_loss: 0.0002 Train_Accuracy: 99.7706 (%) Val_loss: 0.6026 Best_Val_Accuracy: 88.9908 (%)  Epoch_Duration: 24.4839
Epoch: [220/300] Train_loss: 0.0002 Train_Accuracy: 99.7706 (%) Val_loss: 0.547 Best_Val_Accuracy: 88.9908 (%)  Epoch_Duration: 24.7723
Epoch: [221/300] Train_loss: 0.0004 Train_Accuracy: 99.7706 (%) Val_loss: 0.5769 Best_Val_Accuracy: 88.9908 (%)  Epoch_Duration: 24.4547
Epoch: [222/300] Train_loss: 0.0001 Train_Accuracy: 99.7706 (%) Val_loss: 0.5611 Best_Val_Accuracy: 88.9908 (%)  Epoch_Duration: 24.4661
Epoch: [223/300] Train_loss: 0.0002 Train_Accuracy: 99.7706 (%) Val_loss: 0.5633 Best_Val_Accuracy: 88.9908 (%)  Epoch_Duration: 24.6597
Epoch: [224/300] Train_loss: 0.0001 Train_Accuracy: 99.7706 (%) Val_loss: 0.5803 Best_Val_Accuracy: 88.9908 (%)  Epoch_Duration: 24.4435
Epoch: [225/300] Train_loss: 0.0005 Train_Accuracy: 99.7706 (%) Val_loss: 0.5969 Best_Val_Accuracy: 88.9908 (%)  Epoch_Duration: 24.3996
Epoch: [226/300] Train_loss: 0.0002 Train_Accuracy: 99.7706 (%) Val_loss: 0.5587 Best_Val_Accuracy: 88.9908 (%)  Epoch_Duration: 24.5296
Epoch: [227/300] Train_loss: 0.0002 Train_Accuracy: 99.7706 (%) Val_loss: 0.5661 Best_Val_Accuracy: 88.9908 (%)  Epoch_Duration: 24.6427
Epoch: [228/300] Train_loss: 0.0003 Train_Accuracy: 99.7706 (%) Val_loss: 0.583 Best_Val_Accuracy: 88.9908 (%)  Epoch_Duration: 24.746
Epoch: [229/300] Train_loss: 0.0001 Train_Accuracy: 99.7706 (%) Val_loss: 0.5551 Best_Val_Accuracy: 88.9908 (%)  Epoch_Duration: 24.6818
Epoch: [230/300] Train_loss: 0.0002 Train_Accuracy: 99.7706 (%) Val_loss: 0.5392 Best_Val_Accuracy: 88.9908 (%)  Epoch_Duration: 24.3953
Epoch: [231/300] Train_loss: 0.0002 Train_Accuracy: 99.7706 (%) Val_loss: 0.5435 Best_Val_Accuracy: 88.9908 (%)  Epoch_Duration: 24.3894
Epoch: [232/300] Train_loss: 0.0001 Train_Accuracy: 99.7706 (%) Val_loss: 0.5557 Best_Val_Accuracy: 88.9908 (%)  Epoch_Duration: 24.3502
Epoch: [233/300] Train_loss: 0.0003 Train_Accuracy: 99.7706 (%) Val_loss: 0.5587 Best_Val_Accuracy: 88.9908 (%)  Epoch_Duration: 24.467
Epoch: [234/300] Train_loss: 0.0002 Train_Accuracy: 99.7706 (%) Val_loss: 0.578 Best_Val_Accuracy: 88.9908 (%)  Epoch_Duration: 24.5585
Epoch: [235/300] Train_loss: 0.0003 Train_Accuracy: 99.7706 (%) Val_loss: 0.5275 Best_Val_Accuracy: 88.9908 (%)  Epoch_Duration: 24.809
Epoch: [236/300] Train_loss: 0.0002 Train_Accuracy: 99.7706 (%) Val_loss: 0.5487 Best_Val_Accuracy: 88.9908 (%)  Epoch_Duration: 24.7319
Epoch: [237/300] Train_loss: 0.0002 Train_Accuracy: 99.7706 (%) Val_loss: 0.5835 Best_Val_Accuracy: 88.9908 (%)  Epoch_Duration: 24.8347
Epoch: [238/300] Train_loss: 0.0002 Train_Accuracy: 99.7706 (%) Val_loss: 0.5992 Best_Val_Accuracy: 88.9908 (%)  Epoch_Duration: 24.7475
Epoch: [239/300] Train_loss: 0.0002 Train_Accuracy: 99.7706 (%) Val_loss: 0.609 Best_Val_Accuracy: 88.9908 (%)  Epoch_Duration: 24.9435
Epoch: [240/300] Train_loss: 0.0003 Train_Accuracy: 99.7706 (%) Val_loss: 0.5516 Best_Val_Accuracy: 88.9908 (%)  Epoch_Duration: 24.6368
Epoch: [241/300] Train_loss: 0.0002 Train_Accuracy: 99.7706 (%) Val_loss: 0.5361 Best_Val_Accuracy: 88.9908 (%)  Epoch_Duration: 24.7016
Epoch: [242/300] Train_loss: 0.0002 Train_Accuracy: 99.7706 (%) Val_loss: 0.5616 Best_Val_Accuracy: 88.9908 (%)  Epoch_Duration: 24.782
Epoch: [243/300] Train_loss: 0.0002 Train_Accuracy: 99.7706 (%) Val_loss: 0.5856 Best_Val_Accuracy: 88.9908 (%)  Epoch_Duration: 24.4877
Epoch: [244/300] Train_loss: 0.0002 Train_Accuracy: 99.7706 (%) Val_loss: 0.6455 Best_Val_Accuracy: 88.9908 (%)  Epoch_Duration: 24.7035
Epoch: [245/300] Train_loss: 0.0005 Train_Accuracy: 99.7706 (%) Val_loss: 0.5778 Best_Val_Accuracy: 88.9908 (%)  Epoch_Duration: 24.7982
Epoch: [246/300] Train_loss: 0.0001 Train_Accuracy: 99.7706 (%) Val_loss: 0.5167 Best_Val_Accuracy: 88.9908 (%)  Epoch_Duration: 24.6988
Epoch: [247/300] Train_loss: 0.0002 Train_Accuracy: 99.7706 (%) Val_loss: 0.5876 Best_Val_Accuracy: 88.9908 (%)  Epoch_Duration: 24.4463
Epoch: [248/300] Train_loss: 0.0003 Train_Accuracy: 99.7706 (%) Val_loss: 0.5456 Best_Val_Accuracy: 88.9908 (%)  Epoch_Duration: 24.5033
Epoch: [249/300] Train_loss: 0.0002 Train_Accuracy: 99.7706 (%) Val_loss: 0.5665 Best_Val_Accuracy: 88.9908 (%)  Epoch_Duration: 24.4731
Epoch: [250/300] Train_loss: 0.0003 Train_Accuracy: 99.7706 (%) Val_loss: 0.5314 Best_Val_Accuracy: 88.9908 (%)  Epoch_Duration: 24.7641
Epoch: [251/300] Train_loss: 0.0001 Train_Accuracy: 99.7706 (%) Val_loss: 0.5589 Best_Val_Accuracy: 88.9908 (%)  Epoch_Duration: 24.8152
Epoch: [252/300] Train_loss: 0.0002 Train_Accuracy: 99.7706 (%) Val_loss: 0.5322 Best_Val_Accuracy: 88.9908 (%)  Epoch_Duration: 24.8697
Epoch: [253/300] Train_loss: 0.0002 Train_Accuracy: 99.7706 (%) Val_loss: 0.5495 Best_Val_Accuracy: 88.9908 (%)  Epoch_Duration: 24.7051
Epoch: [254/300] Train_loss: 0.0002 Train_Accuracy: 99.7706 (%) Val_loss: 0.5779 Best_Val_Accuracy: 88.9908 (%)  Epoch_Duration: 24.7305
Epoch: [255/300] Train_loss: 0.0012 Train_Accuracy: 99.7289 (%) Val_loss: 0.572 Best_Val_Accuracy: 88.9908 (%)  Epoch_Duration: 24.7595
Epoch: [256/300] Train_loss: 0.0003 Train_Accuracy: 99.7706 (%) Val_loss: 0.5736 Best_Val_Accuracy: 88.9908 (%)  Epoch_Duration: 24.8982
Epoch: [257/300] Train_loss: 0.0001 Train_Accuracy: 99.7706 (%) Val_loss: 0.5627 Best_Val_Accuracy: 88.9908 (%)  Epoch_Duration: 24.6484
Epoch: [258/300] Train_loss: 0.0002 Train_Accuracy: 99.7706 (%) Val_loss: 0.5904 Best_Val_Accuracy: 88.9908 (%)  Epoch_Duration: 24.5248
Epoch: [259/300] Train_loss: 0.0003 Train_Accuracy: 99.7706 (%) Val_loss: 0.5778 Best_Val_Accuracy: 88.9908 (%)  Epoch_Duration: 24.4619
Epoch: [260/300] Train_loss: 0.0002 Train_Accuracy: 99.7706 (%) Val_loss: 0.5839 Best_Val_Accuracy: 88.9908 (%)  Epoch_Duration: 24.4579
Epoch: [261/300] Train_loss: 0.0012 Train_Accuracy: 99.7497 (%) Val_loss: 0.5467 Best_Val_Accuracy: 88.9908 (%)  Epoch_Duration: 24.7516
Epoch: [262/300] Train_loss: 0.0004 Train_Accuracy: 99.7706 (%) Val_loss: 0.5467 Best_Val_Accuracy: 88.9908 (%)  Epoch_Duration: 24.7057
Epoch: [263/300] Train_loss: 0.0003 Train_Accuracy: 99.7706 (%) Val_loss: 0.6123 Best_Val_Accuracy: 88.9908 (%)  Epoch_Duration: 24.9525
Epoch: [264/300] Train_loss: 0.0002 Train_Accuracy: 99.7706 (%) Val_loss: 0.5934 Best_Val_Accuracy: 88.9908 (%)  Epoch_Duration: 24.513
Epoch: [265/300] Train_loss: 0.0002 Train_Accuracy: 99.7706 (%) Val_loss: 0.5826 Best_Val_Accuracy: 88.9908 (%)  Epoch_Duration: 24.5671
Epoch: [266/300] Train_loss: 0.0002 Train_Accuracy: 99.7706 (%) Val_loss: 0.5495 Best_Val_Accuracy: 88.9908 (%)  Epoch_Duration: 24.4404
Epoch: [267/300] Train_loss: 0.0001 Train_Accuracy: 99.7706 (%) Val_loss: 0.5796 Best_Val_Accuracy: 88.9908 (%)  Epoch_Duration: 24.4792
Epoch: [268/300] Train_loss: 0.0001 Train_Accuracy: 99.7706 (%) Val_loss: 0.542 Best_Val_Accuracy: 88.9908 (%)  Epoch_Duration: 24.5162
Epoch: [269/300] Train_loss: 0.0002 Train_Accuracy: 99.7706 (%) Val_loss: 0.5603 Best_Val_Accuracy: 88.9908 (%)  Epoch_Duration: 24.6129
Epoch: [270/300] Train_loss: 0.0002 Train_Accuracy: 99.7706 (%) Val_loss: 0.5562 Best_Val_Accuracy: 88.9908 (%)  Epoch_Duration: 24.4755
Epoch: [271/300] Train_loss: 0.0002 Train_Accuracy: 99.7706 (%) Val_loss: 0.5875 Best_Val_Accuracy: 88.9908 (%)  Epoch_Duration: 24.7789
Epoch: [272/300] Train_loss: 0.0004 Train_Accuracy: 99.7706 (%) Val_loss: 0.5527 Best_Val_Accuracy: 88.9908 (%)  Epoch_Duration: 24.8844
Epoch: [273/300] Train_loss: 0.0002 Train_Accuracy: 99.7706 (%) Val_loss: 0.5686 Best_Val_Accuracy: 88.9908 (%)  Epoch_Duration: 24.543
Epoch: [274/300] Train_loss: 0.0001 Train_Accuracy: 99.7706 (%) Val_loss: 0.5127 Best_Val_Accuracy: 88.9908 (%)  Epoch_Duration: 24.9471
Epoch: [275/300] Train_loss: 0.0002 Train_Accuracy: 99.7706 (%) Val_loss: 0.5755 Best_Val_Accuracy: 88.9908 (%)  Epoch_Duration: 24.5444
Epoch: [276/300] Train_loss: 0.0002 Train_Accuracy: 99.7706 (%) Val_loss: 0.6034 Best_Val_Accuracy: 88.9908 (%)  Epoch_Duration: 24.4885
Epoch: [277/300] Train_loss: 0.0002 Train_Accuracy: 99.7706 (%) Val_loss: 0.5791 Best_Val_Accuracy: 88.9908 (%)  Epoch_Duration: 24.6397
Epoch: [278/300] Train_loss: 0.0001 Train_Accuracy: 99.7706 (%) Val_loss: 0.5309 Best_Val_Accuracy: 88.9908 (%)  Epoch_Duration: 24.8499
Epoch: [279/300] Train_loss: 0.0002 Train_Accuracy: 99.7706 (%) Val_loss: 0.5777 Best_Val_Accuracy: 88.9908 (%)  Epoch_Duration: 24.7712
Epoch: [280/300] Train_loss: 0.0004 Train_Accuracy: 99.7706 (%) Val_loss: 0.6012 Best_Val_Accuracy: 88.9908 (%)  Epoch_Duration: 24.4891
Epoch: [281/300] Train_loss: 0.0002 Train_Accuracy: 99.7706 (%) Val_loss: 0.5638 Best_Val_Accuracy: 88.9908 (%)  Epoch_Duration: 24.4921
Epoch: [282/300] Train_loss: 0.0001 Train_Accuracy: 99.7706 (%) Val_loss: 0.5728 Best_Val_Accuracy: 88.9908 (%)  Epoch_Duration: 24.4757
Epoch: [283/300] Train_loss: 0.0003 Train_Accuracy: 99.7706 (%) Val_loss: 0.5708 Best_Val_Accuracy: 88.9908 (%)  Epoch_Duration: 24.7479
Epoch: [284/300] Train_loss: 0.0002 Train_Accuracy: 99.7706 (%) Val_loss: 0.5427 Best_Val_Accuracy: 88.9908 (%)  Epoch_Duration: 24.8211
Epoch: [285/300] Train_loss: 0.0002 Train_Accuracy: 99.7706 (%) Val_loss: 0.5516 Best_Val_Accuracy: 88.9908 (%)  Epoch_Duration: 24.8343
Epoch: [286/300] Train_loss: 0.0002 Train_Accuracy: 99.7706 (%) Val_loss: 0.5614 Best_Val_Accuracy: 88.9908 (%)  Epoch_Duration: 24.8057
Epoch: [287/300] Train_loss: 0.0001 Train_Accuracy: 99.7706 (%) Val_loss: 0.536 Best_Val_Accuracy: 88.9908 (%)  Epoch_Duration: 24.7363
Epoch: [288/300] Train_loss: 0.0002 Train_Accuracy: 99.7706 (%) Val_loss: 0.5853 Best_Val_Accuracy: 88.9908 (%)  Epoch_Duration: 24.7428
Epoch: [289/300] Train_loss: 0.0001 Train_Accuracy: 99.7706 (%) Val_loss: 0.5496 Best_Val_Accuracy: 88.9908 (%)  Epoch_Duration: 24.8261
Epoch: [290/300] Train_loss: 0.0002 Train_Accuracy: 99.7706 (%) Val_loss: 0.5558 Best_Val_Accuracy: 88.9908 (%)  Epoch_Duration: 24.8433
Epoch: [291/300] Train_loss: 0.0002 Train_Accuracy: 99.7706 (%) Val_loss: 0.6139 Best_Val_Accuracy: 88.9908 (%)  Epoch_Duration: 24.8407
Epoch: [292/300] Train_loss: 0.0007 Train_Accuracy: 99.7497 (%) Val_loss: 0.5495 Best_Val_Accuracy: 88.9908 (%)  Epoch_Duration: 24.7521
Epoch: [293/300] Train_loss: 0.0003 Train_Accuracy: 99.7706 (%) Val_loss: 0.6249 Best_Val_Accuracy: 88.9908 (%)  Epoch_Duration: 24.8107
Epoch: [294/300] Train_loss: 0.0002 Train_Accuracy: 99.7706 (%) Val_loss: 0.5954 Best_Val_Accuracy: 88.9908 (%)  Epoch_Duration: 24.8801
Epoch: [295/300] Train_loss: 0.0002 Train_Accuracy: 99.7706 (%) Val_loss: 0.5626 Best_Val_Accuracy: 88.9908 (%)  Epoch_Duration: 24.7452
Epoch: [296/300] Train_loss: 0.0002 Train_Accuracy: 99.7706 (%) Val_loss: 0.5356 Best_Val_Accuracy: 88.9908 (%)  Epoch_Duration: 24.7744
Epoch: [297/300] Train_loss: 0.0002 Train_Accuracy: 99.7706 (%) Val_loss: 0.5363 Best_Val_Accuracy: 88.9908 (%)  Epoch_Duration: 24.7803
Epoch: [298/300] Train_loss: 0.0001 Train_Accuracy: 99.7706 (%) Val_loss: 0.5738 Best_Val_Accuracy: 88.9908 (%)  Epoch_Duration: 24.8513
Epoch: [299/300] Train_loss: 0.0001 Train_Accuracy: 99.7706 (%) Val_loss: 0.6043 Best_Val_Accuracy: 88.9908 (%)  Epoch_Duration: 24.8287
Epoch: [300/300] Train_loss: 0.0001 Train_Accuracy: 99.7706 (%) Val_loss: 0.5994 Best_Val_Accuracy: 88.9908 (%)  Epoch_Duration: 24.6238
